# JRE version: Java(TM) SE Runtime Environment 18.9 (11.0.12+8) (build 11.0.12+8-LTS-237)
# Java VM: Java HotSpot(TM) 64-Bit Server VM 18.9 (11.0.12+8-LTS-237, mixed mode, tiered, compressed oops, parallel gc, windows-amd64)
Heap:
 PSYoungGen      total 24064K, used 17K [0x00000000eab00000, 0x00000000eca00000, 0x0000000100000000)
  eden space 22528K, 0% used [0x00000000eab00000,0x00000000eab04478,0x00000000ec100000)
  from space 1536K, 0% used [0x00000000ec380000,0x00000000ec380000,0x00000000ec500000)
  to   space 2560K, 0% used [0x00000000ec780000,0x00000000ec780000,0x00000000eca00000)
 ParOldGen       total 68608K, used 22242K [0x00000000c0000000, 0x00000000c4300000, 0x00000000eab00000)
  object space 68608K, 32% used [0x00000000c0000000,0x00000000c15b8b48,0x00000000c4300000)
 Metaspace       used 33706K, capacity 35561K, committed 35928K, reserved 1081344K
  class space    used 3170K, capacity 3841K, committed 3968K, reserved 1048576K
GC Heap History (10 events):
Event: 6.085 GC heap before
{Heap before GC invocations=9 (full 1):
 PSYoungGen      total 30720K, used 30689K [0x00000000eab00000, 0x00000000ed480000, 0x0000000100000000)
  eden space 24064K, 100% used [0x00000000eab00000,0x00000000ec280000,0x00000000ec280000)
  from space 6656K, 99% used [0x00000000ec380000,0x00000000ec9f8408,0x00000000eca00000)
  to   space 9216K, 0% used [0x00000000ecb80000,0x00000000ecb80000,0x00000000ed480000)
 ParOldGen       total 68608K, used 10608K [0x00000000c0000000, 0x00000000c4300000, 0x00000000eab00000)
  object space 68608K, 15% used [0x00000000c0000000,0x00000000c0a5c078,0x00000000c4300000)
 Metaspace       used 31257K, capacity 33041K, committed 33152K, reserved 1079296K
  class space    used 3005K, capacity 3658K, committed 3712K, reserved 1048576K
}
Event: 6.103 GC heap after
{Heap after GC invocations=9 (full 1):
 PSYoungGen      total 30720K, used 6816K [0x00000000eab00000, 0x00000000ed280000, 0x0000000100000000)
  eden space 23552K, 0% used [0x00000000eab00000,0x00000000eab00000,0x00000000ec200000)
  from space 7168K, 95% used [0x00000000ecb80000,0x00000000ed228010,0x00000000ed280000)
  to   space 7680K, 0% used [0x00000000ec380000,0x00000000ec380000,0x00000000ecb00000)
 ParOldGen       total 68608K, used 12621K [0x00000000c0000000, 0x00000000c4300000, 0x00000000eab00000)
  object space 68608K, 18% used [0x00000000c0000000,0x00000000c0c53708,0x00000000c4300000)
 Metaspace       used 31257K, capacity 33041K, committed 33152K, reserved 1079296K
  class space    used 3005K, capacity 3658K, committed 3712K, reserved 1048576K
}
Event: 6.147 GC heap before
{Heap before GC invocations=10 (full 1):
 PSYoungGen      total 30720K, used 30368K [0x00000000eab00000, 0x00000000ed280000, 0x0000000100000000)
  eden space 23552K, 100% used [0x00000000eab00000,0x00000000ec200000,0x00000000ec200000)
  from space 7168K, 95% used [0x00000000ecb80000,0x00000000ed228010,0x00000000ed280000)
  to   space 7680K, 0% used [0x00000000ec380000,0x00000000ec380000,0x00000000ecb00000)
 ParOldGen       total 68608K, used 12621K [0x00000000c0000000, 0x00000000c4300000, 0x00000000eab00000)
  object space 68608K, 18% used [0x00000000c0000000,0x00000000c0c53708,0x00000000c4300000)
 Metaspace       used 31257K, capacity 33041K, committed 33152K, reserved 1079296K
  class space    used 3005K, capacity 3658K, committed 3712K, reserved 1048576K
}
Event: 6.157 GC heap after
{Heap after GC invocations=10 (full 1):
 PSYoungGen      total 29184K, used 5760K [0x00000000eab00000, 0x00000000ece80000, 0x0000000100000000)
  eden space 23040K, 0% used [0x00000000eab00000,0x00000000eab00000,0x00000000ec180000)
  from space 6144K, 93% used [0x00000000ec380000,0x00000000ec920010,0x00000000ec980000)
  to   space 5120K, 0% used [0x00000000ec980000,0x00000000ec980000,0x00000000ece80000)
 ParOldGen       total 68608K, used 15729K [0x00000000c0000000, 0x00000000c4300000, 0x00000000eab00000)
  object space 68608K, 22% used [0x00000000c0000000,0x00000000c0f5c5a0,0x00000000c4300000)
 Metaspace       used 31257K, capacity 33041K, committed 33152K, reserved 1079296K
  class space    used 3005K, capacity 3658K, committed 3712K, reserved 1048576K
}
Event: 554.449 GC heap before
{Heap before GC invocations=11 (full 1):
 PSYoungGen      total 29184K, used 28800K [0x00000000eab00000, 0x00000000ece80000, 0x0000000100000000)
  eden space 23040K, 100% used [0x00000000eab00000,0x00000000ec180000,0x00000000ec180000)
  from space 6144K, 93% used [0x00000000ec380000,0x00000000ec920010,0x00000000ec980000)
  to   space 5120K, 0% used [0x00000000ec980000,0x00000000ec980000,0x00000000ece80000)
 ParOldGen       total 68608K, used 15729K [0x00000000c0000000, 0x00000000c4300000, 0x00000000eab00000)
  object space 68608K, 22% used [0x00000000c0000000,0x00000000c0f5c5a0,0x00000000c4300000)
 Metaspace       used 32006K, capacity 33896K, committed 34048K, reserved 1079296K
  class space    used 3079K, capacity 3777K, committed 3840K, reserved 1048576K
}
Event: 554.460 GC heap after
{Heap after GC invocations=11 (full 1):
 PSYoungGen      total 27648K, used 4988K [0x00000000eab00000, 0x00000000ece80000, 0x0000000100000000)
  eden space 22528K, 0% used [0x00000000eab00000,0x00000000eab00000,0x00000000ec100000)
  from space 5120K, 97% used [0x00000000ec980000,0x00000000ece5f2c8,0x00000000ece80000)
  to   space 5632K, 0% used [0x00000000ec380000,0x00000000ec380000,0x00000000ec900000)
 ParOldGen       total 68608K, used 19426K [0x00000000c0000000, 0x00000000c4300000, 0x00000000eab00000)
  object space 68608K, 28% used [0x00000000c0000000,0x00000000c12f8b00,0x00000000c4300000)
 Metaspace       used 32006K, capacity 33896K, committed 34048K, reserved 1079296K
  class space    used 3079K, capacity 3777K, committed 3840K, reserved 1048576K
}
Event: 554.655 GC heap before
{Heap before GC invocations=12 (full 1):
 PSYoungGen      total 27648K, used 17364K [0x00000000eab00000, 0x00000000ece80000, 0x0000000100000000)
  eden space 22528K, 54% used [0x00000000eab00000,0x00000000eb715e50,0x00000000ec100000)
  from space 5120K, 97% used [0x00000000ec980000,0x00000000ece5f2c8,0x00000000ece80000)
  to   space 5632K, 0% used [0x00000000ec380000,0x00000000ec380000,0x00000000ec900000)
 ParOldGen       total 68608K, used 19426K [0x00000000c0000000, 0x00000000c4300000, 0x00000000eab00000)
  object space 68608K, 28% used [0x00000000c0000000,0x00000000c12f8b00,0x00000000c4300000)
 Metaspace       used 33416K, capacity 35241K, committed 35416K, reserved 1081344K
  class space    used 3168K, capacity 3841K, committed 3968K, reserved 1048576K
}
Event: 554.711 GC heap after
{Heap after GC invocations=12 (full 1):
 PSYoungGen      total 24064K, used 1029K [0x00000000eab00000, 0x00000000eca00000, 0x0000000100000000)
  eden space 22528K, 0% used [0x00000000eab00000,0x00000000eab00000,0x00000000ec100000)
  from space 1536K, 66% used [0x00000000ec380000,0x00000000ec481450,0x00000000ec500000)
  to   space 2560K, 0% used [0x00000000ec780000,0x00000000ec780000,0x00000000eca00000)
 ParOldGen       total 68608K, used 24363K [0x00000000c0000000, 0x00000000c4300000, 0x00000000eab00000)
  object space 68608K, 35% used [0x00000000c0000000,0x00000000c17caf00,0x00000000c4300000)
 Metaspace       used 33416K, capacity 35241K, committed 35416K, reserved 1081344K
  class space    used 3168K, capacity 3841K, committed 3968K, reserved 1048576K
}
Event: 554.711 GC heap before
{Heap before GC invocations=13 (full 2):
 PSYoungGen      total 24064K, used 1029K [0x00000000eab00000, 0x00000000eca00000, 0x0000000100000000)
  eden space 22528K, 0% used [0x00000000eab00000,0x00000000eab00000,0x00000000ec100000)
  from space 1536K, 66% used [0x00000000ec380000,0x00000000ec481450,0x00000000ec500000)
  to   space 2560K, 0% used [0x00000000ec780000,0x00000000ec780000,0x00000000eca00000)
 ParOldGen       total 68608K, used 24363K [0x00000000c0000000, 0x00000000c4300000, 0x00000000eab00000)
  object space 68608K, 35% used [0x00000000c0000000,0x00000000c17caf00,0x00000000c4300000)
 Metaspace       used 33416K, capacity 35241K, committed 35416K, reserved 1081344K
  class space    used 3168K, capacity 3841K, committed 3968K, reserved 1048576K
}
Event: 555.021 GC heap after
{Heap after GC invocations=13 (full 2):
 PSYoungGen      total 24064K, used 0K [0x00000000eab00000, 0x00000000eca00000, 0x0000000100000000)
  eden space 22528K, 0% used [0x00000000eab00000,0x00000000eab00000,0x00000000ec100000)
  from space 1536K, 0% used [0x00000000ec380000,0x00000000ec380000,0x00000000ec500000)
  to   space 2560K, 0% used [0x00000000ec780000,0x00000000ec780000,0x00000000eca00000)
 ParOldGen       total 68608K, used 22242K [0x00000000c0000000, 0x00000000c4300000, 0x00000000eab00000)
  object space 68608K, 32% used [0x00000000c0000000,0x00000000c15b8b48,0x00000000c4300000)
 Metaspace       used 33416K, capacity 35241K, committed 35416K, reserved 1081344K
  class space    used 3168K, capacity 3841K, committed 3968K, reserved 1048576K
}

